<?xml version="1.0" encoding="UTF-8"?>
<!-- Generated by org.testng.reporters.JUnitReportReporter -->
<testsuite hostname="DESKTOP-27UMDT5" failures="0" tests="2" name="MosaferTest" time="0.074" errors="0" timestamp="2023-11-23T14:32:56 EET" skipped="0">
  <testcase classname="MosaferTest" name="testLanguage" time="0.022"/>
  <system-out/>
  <testcase classname="MosaferTest" name="testCurrency" time="0.052"/>
  <system-out/>
</testsuite> <!-- MosaferTest -->
