<?xml version="1.0" encoding="UTF-8"?>
<!-- Generated by org.testng.reporters.JUnitReportReporter -->
<testsuite hostname="DESKTOP-27UMDT5" failures="0" tests="7" name="MosaferTest" time="0.168" errors="0" timestamp="2023-11-26T17:37:12 EET" skipped="0">
  <testcase classname="MosaferTest" name="contactNumber" time="0.014"/>
  <system-out/>
  <testcase classname="MosaferTest" name="checkDeparturedate" time="0.030"/>
  <system-out/>
  <testcase classname="MosaferTest" name="testCurrency" time="0.012"/>
  <system-out/>
  <testcase classname="MosaferTest" name="QitafLogo" time="0.062"/>
  <system-out/>
  <testcase classname="MosaferTest" name="checkReturnDate" time="0.018"/>
  <system-out/>
  <testcase classname="MosaferTest" name="testLanguage" time="0.016"/>
  <system-out/>
  <testcase classname="MosaferTest" name="checkHotelIsNotSelected" time="0.016"/>
  <system-out/>
</testsuite> <!-- MosaferTest -->
