<?xml version="1.0" encoding="UTF-8"?>
<!-- Generated by org.testng.reporters.JUnitReportReporter -->
<testsuite hostname="DESKTOP-27UMDT5" failures="0" tests="9" name="MosaferTest" time="17.942" errors="0" timestamp="2023-12-02T19:39:44 EET" skipped="0">
  <testcase classname="MosaferTest" name="testCurrency" time="0.018"/>
  <system-out/>
  <testcase classname="MosaferTest" name="checkHotelIsNotSelected" time="0.023"/>
  <system-out/>
  <testcase classname="MosaferTest" name="testLanguage" time="0.021"/>
  <system-out/>
  <testcase classname="MosaferTest" name="QitafLogo" time="0.074"/>
  <system-out/>
  <testcase classname="MosaferTest" name="contactNumber" time="0.018"/>
  <system-out/>
  <testcase classname="MosaferTest" name="checkDepartureDate" time="0.570"/>
  <system-out/>
  <testcase classname="MosaferTest" name="checkReturnDate" time="0.443"/>
  <system-out/>
  <testcase classname="MosaferTest" name="randomWebsiteLang" time="0.428"/>
  <system-out/>
  <testcase classname="MosaferTest" name="hotelLocation" time="16.347"/>
  <system-out/>
</testsuite> <!-- MosaferTest -->
