<?xml version="1.0" encoding="UTF-8"?>
<!-- Generated by org.testng.reporters.JUnitReportReporter -->
<testsuite hostname="DESKTOP-27UMDT5" failures="0" tests="9" name="MosaferTest" time="1.714" errors="0" timestamp="2023-12-06T20:30:21 EET" skipped="1">
  <testcase classname="MosaferTest" name="testCurrency" time="0.020"/>
  <system-out/>
  <testcase classname="MosaferTest" name="checkHotelIsNotSelected" time="0.027"/>
  <system-out/>
  <testcase classname="MosaferTest" name="testLanguage" time="0.022"/>
  <system-out/>
  <testcase classname="MosaferTest" name="QitafLogo" time="0.037"/>
  <system-out/>
  <testcase classname="MosaferTest" name="contactNumber" time="0.018"/>
  <system-out/>
  <testcase classname="MosaferTest" name="checkDepartureDate" time="0.668"/>
  <system-out/>
  <testcase classname="MosaferTest" name="checkReturnDate" time="0.510"/>
  <system-out/>
  <testcase classname="MosaferTest" name="randomWebsiteLang" time="0.412"/>
  <system-out/>
  <testcase classname="MosaferTest" name="hotelLocation">
    <skipped/>
  </testcase> <!-- hotelLocation -->
  <system-out/>
</testsuite> <!-- MosaferTest -->
