<?xml version="1.0" encoding="UTF-8"?>
<!-- Generated by org.testng.reporters.JUnitReportReporter -->
<testsuite hostname="DESKTOP-27UMDT5" failures="0" tests="9" name="MosaferTest" time="2.472" errors="0" timestamp="2023-11-29T23:44:00 EET" skipped="0">
  <testcase classname="MosaferTest" name="checkHotelIsNotSelected" time="0.022"/>
  <system-out/>
  <testcase classname="MosaferTest" name="testLanguage" time="0.017"/>
  <system-out/>
  <testcase classname="MosaferTest" name="testCurrency" time="0.016"/>
  <system-out/>
  <testcase classname="MosaferTest" name="contactNumber" time="0.021"/>
  <system-out/>
  <testcase classname="MosaferTest" name="QitafLogo" time="0.087"/>
  <system-out/>
  <testcase classname="MosaferTest" name="checkDepartureDate" time="0.566"/>
  <system-out/>
  <testcase classname="MosaferTest" name="checkReturnDate" time="0.462"/>
  <system-out/>
  <testcase classname="MosaferTest" name="randomWebsiteLang" time="0.580"/>
  <system-out/>
  <testcase classname="MosaferTest" name="hotelLocation" time="0.701"/>
  <system-out/>
</testsuite> <!-- MosaferTest -->
